
==2==
files(1):
['../features/features.smart_crop.no_enhancement/output_L8/2.1_Elasto.bmp.features']groundTruth = 1num of features = 73728
==3==
files(1):
['../features/features.smart_crop.no_enhancement/output_L8/3.1_Elasto.bmp.features']groundTruth = 1num of features = 73728
==4==
files(1):
['../features/features.smart_crop.no_enhancement/output_L8/4.1_Elasto.bmp.features']groundTruth = 1num of features = 73728
==5==
files(1):
['../features/features.smart_crop.no_enhancement/output_L8/5.1_Elasto.bmp.features']groundTruth = 1num of features = 73728
==6==
files(1):
['../features/features.smart_crop.no_enhancement/output_L8/6.1_Elasto.bmp.features']groundTruth = 1num of features = 73728
==7==
files(1):
['../features/features.smart_crop.no_enhancement/output_L8/7.1_Elasto.bmp.features']groundTruth = 1num of features = 73728
==8==
files(1):
['../features/features.smart_crop.no_enhancement/output_L8/8.1_Elasto.bmp.features']groundTruth = 1num of features = 73728
==9==
files(1):
['../features/features.smart_crop.no_enhancement/output_L8/9.1_Elasto.bmp.features']groundTruth = 1num of features = 73728
==10==
files(1):
['../features/features.smart_crop.no_enhancement/output_L8/10.1_Elasto.bmp.features']groundTruth = 1num of features = 73728
==11==
files(1):
['../features/features.smart_crop.no_enhancement/output_L8/11.1_Elasto.bmp.features']groundTruth = 1num of features = 73728
==12==
files(1):
['../features/features.smart_crop.no_enhancement/output_L8/12.1_Elasto.bmp.features']groundTruth = 1num of features = 73728
==13==
files(1):
['../features/features.smart_crop.no_enhancement/output_L8/13.1_Elasto.bmp.features']groundTruth = 1num of features = 73728
==14==
files(1):
['../features/features.smart_crop.no_enhancement/output_L8/14.1_Elasto.bmp.features']groundTruth = 1num of features = 73728
==15==
files(1):
['../features/features.smart_crop.no_enhancement/output_L8/15.1_Elasto.bmp.features']groundTruth = 1num of features = 73728
==16==
files(1):
['../features/features.smart_crop.no_enhancement/output_L8/16.1_Elasto.bmp.features']groundTruth = 1num of features = 73728
==17==
files(1):
['../features/features.smart_crop.no_enhancement/output_L8/17.1_Elasto.bmp.features']groundTruth = 1num of features = 73728
==18==
files(1):
['../features/features.smart_crop.no_enhancement/output_L8/18.1_Elasto.bmp.features']groundTruth = 1num of features = 73728
==19==
files(1):
['../features/features.smart_crop.no_enhancement/output_L8/19.1_Elasto.bmp.features']groundTruth = 1num of features = 73728
==20==
files(1):
['../features/features.smart_crop.no_enhancement/output_L8/20.1_Elasto.bmp.features']groundTruth = 1num of features = 73728
==21==
files(1):
['../features/features.smart_crop.no_enhancement/output_L8/21.1_Elasto.bmp.features']groundTruth = 1num of features = 73728
==22==
files(1):
['../features/features.smart_crop.no_enhancement/output_L8/22.1_Elasto.bmp.features']groundTruth = 1num of features = 73728
==23==
files(1):
['../features/features.smart_crop.no_enhancement/output_L8/23.1_Elasto.bmp.features']groundTruth = 1num of features = 73728
==24==
files(1):
['../features/features.smart_crop.no_enhancement/output_L8/24.1_Elasto.bmp.features']groundTruth = 1num of features = 73728
==25==
files(1):
['../features/features.smart_crop.no_enhancement/output_L8/25.1_Elasto.bmp.features']groundTruth = 1num of features = 73728
==26==
files(1):
['../features/features.smart_crop.no_enhancement/output_L8/26.1_Elasto.bmp.features']groundTruth = 1num of features = 73728
==27==
files(1):
['../features/features.smart_crop.no_enhancement/output_L8/27.1_Elasto.bmp.features']groundTruth = 1num of features = 73728
==28==
files(1):
['../features/features.smart_crop.no_enhancement/output_L8/28.1_Elasto.bmp.features']groundTruth = 1num of features = 73728
==29==
files(1):
['../features/features.smart_crop.no_enhancement/output_L8/29.1_Elasto.bmp.features']groundTruth = 1num of features = 73728
==30==
files(1):
['../features/features.smart_crop.no_enhancement/output_L8/30.1_Elasto.bmp.features']groundTruth = 1num of features = 73728
==31==
files(1):
['../features/features.smart_crop.no_enhancement/output_L8/31.1_Elasto.bmp.features']groundTruth = 1num of features = 73728
==32==
files(1):
['../features/features.smart_crop.no_enhancement/output_L8/32.1_Elasto.bmp.features']groundTruth = 1num of features = 73728
==33==
files(1):
['../features/features.smart_crop.no_enhancement/output_L8/33.1_Elasto.bmp.features']groundTruth = 1num of features = 73728
==34==
files(1):
['../features/features.smart_crop.no_enhancement/output_L8/34.1_Elasto.bmp.features']groundTruth = 1num of features = 73728
==35==
files(1):
['../features/features.smart_crop.no_enhancement/output_L8/35.1_Elasto.bmp.features']groundTruth = 1num of features = 73728
==101==
files(1):
['../features/features.smart_crop.no_enhancement/output_L8/101.0_Elasto.bmp.features']groundTruth = 0num of features = 73728
==102==
files(1):
['../features/features.smart_crop.no_enhancement/output_L8/102.0_Elasto.bmp.features']groundTruth = 0num of features = 73728
==103==
files(1):
['../features/features.smart_crop.no_enhancement/output_L8/103.0_Elasto.bmp.features']groundTruth = 0num of features = 73728
==104==
files(1):
['../features/features.smart_crop.no_enhancement/output_L8/104.0_Elasto.bmp.features']groundTruth = 0num of features = 73728
==105==
files(1):
['../features/features.smart_crop.no_enhancement/output_L8/105.0_Elasto.bmp.features']groundTruth = 0num of features = 73728
==106==
files(1):
['../features/features.smart_crop.no_enhancement/output_L8/106.0_Elasto.bmp.features']groundTruth = 0num of features = 73728
==107==
files(1):
['../features/features.smart_crop.no_enhancement/output_L8/107.0_Elasto.bmp.features']groundTruth = 0num of features = 73728
==108==
files(1):
['../features/features.smart_crop.no_enhancement/output_L8/108.0_Elasto.bmp.features']groundTruth = 0num of features = 73728
==109==
files(1):
['../features/features.smart_crop.no_enhancement/output_L8/109.0_Elasto.bmp.features']groundTruth = 0num of features = 73728
==110==
files(1):
['../features/features.smart_crop.no_enhancement/output_L8/110.0_Elasto.bmp.features']groundTruth = 0num of features = 73728
==111==
files(1):
['../features/features.smart_crop.no_enhancement/output_L8/111.0_Elasto.bmp.features']groundTruth = 0num of features = 73728
==112==
files(1):
['../features/features.smart_crop.no_enhancement/output_L8/112.0_Elasto.bmp.features']groundTruth = 0num of features = 73728
==113==
files(1):
['../features/features.smart_crop.no_enhancement/output_L8/113.0_Elasto.bmp.features']groundTruth = 0num of features = 73728
==114==
files(1):
['../features/features.smart_crop.no_enhancement/output_L8/114.0_Elasto.bmp.features']groundTruth = 0num of features = 73728
==115==
files(1):
['../features/features.smart_crop.no_enhancement/output_L8/115.0_Elasto.bmp.features']groundTruth = 0num of features = 73728
==116==
files(1):
['../features/features.smart_crop.no_enhancement/output_L8/116.0_Elasto.bmp.features']groundTruth = 0num of features = 73728
==117==
files(1):
['../features/features.smart_crop.no_enhancement/output_L8/117.0_Elasto.bmp.features']groundTruth = 0num of features = 73728
==118==
files(1):
['../features/features.smart_crop.no_enhancement/output_L8/118.0_Elasto.bmp.features']groundTruth = 0num of features = 73728
==119==
files(1):
['../features/features.smart_crop.no_enhancement/output_L8/119.0_Elasto.bmp.features']groundTruth = 0num of features = 73728
==120==
files(1):
['../features/features.smart_crop.no_enhancement/output_L8/120.0_Elasto.bmp.features']groundTruth = 0num of features = 73728
==121==
files(1):
['../features/features.smart_crop.no_enhancement/output_L8/121.0_Elasto.bmp.features']groundTruth = 0num of features = 73728
==122==
files(1):
['../features/features.smart_crop.no_enhancement/output_L8/122.0_Elasto.bmp.features']groundTruth = 0num of features = 73728
==201==
files(1):
['../features/features.smart_crop.no_enhancement/output_L8/201.0_Elasto.bmp.features']groundTruth = 0num of features = 73728
==202==
files(1):
['../features/features.smart_crop.no_enhancement/output_L8/202.0_Elasto.bmp.features']groundTruth = 0num of features = 73728
==203==
files(1):
['../features/features.smart_crop.no_enhancement/output_L8/203.0_Elasto.bmp.features']groundTruth = 0num of features = 73728
==204==
files(1):
['../features/features.smart_crop.no_enhancement/output_L8/204.0_Elasto.bmp.features']groundTruth = 0num of features = 73728
==205==
files(1):
['../features/features.smart_crop.no_enhancement/output_L8/205.0_Elasto.bmp.features']groundTruth = 0num of features = 73728
==206==
files(1):
['../features/features.smart_crop.no_enhancement/output_L8/206.0_Elasto.bmp.features']groundTruth = 0num of features = 73728
==207==
files(1):
['../features/features.smart_crop.no_enhancement/output_L8/207.0_Elasto.bmp.features']groundTruth = 0num of features = 73728
==208==
files(1):
['../features/features.smart_crop.no_enhancement/output_L8/208.0_Elasto.bmp.features']groundTruth = 0num of features = 73728
==209==
files(1):
['../features/features.smart_crop.no_enhancement/output_L8/209.0_Elasto.bmp.features']groundTruth = 0num of features = 73728
==210==
files(1):
['../features/features.smart_crop.no_enhancement/output_L8/210.0_Elasto.bmp.features']groundTruth = 0num of features = 73728
==301==
files(1):
['../features/features.smart_crop.no_enhancement/output_L8/301.0_Elasto.bmp.features']groundTruth = 0num of features = 73728
==302==
files(1):
['../features/features.smart_crop.no_enhancement/output_L8/302.0_Elasto.bmp.features']groundTruth = 0num of features = 73728
==303==
files(1):
['../features/features.smart_crop.no_enhancement/output_L8/303.0_Elasto.bmp.features']groundTruth = 0num of features = 73728
==304==
files(1):
['../features/features.smart_crop.no_enhancement/output_L8/304.0_Elasto.bmp.features']groundTruth = 0num of features = 73728
==305==
files(1):
['../features/features.smart_crop.no_enhancement/output_L8/305.0_Elasto.bmp.features']groundTruth = 0num of features = 73728
==306==
files(1):
['../features/features.smart_crop.no_enhancement/output_L8/306.0_Elasto.bmp.features']groundTruth = 0num of features = 73728
==307==
files(1):
['../features/features.smart_crop.no_enhancement/output_L8/307.0_Elasto.bmp.features']groundTruth = 0num of features = 73728
==308==
files(1):
['../features/features.smart_crop.no_enhancement/output_L8/308.0_Elasto.bmp.features']groundTruth = 0num of features = 73728
==309==
files(1):
['../features/features.smart_crop.no_enhancement/output_L8/309.0_Elasto.bmp.features']groundTruth = 0num of features = 73728
==310==
files(1):
['../features/features.smart_crop.no_enhancement/output_L8/310.0_Elasto.bmp.features']groundTruth = 0num of features = 73728
==311==
files(1):
['../features/features.smart_crop.no_enhancement/output_L8/311.0_Elasto.bmp.features']groundTruth = 0num of features = 73728
==summary==
dataset size is 77